<?xml version="1.0" encoding="UTF-8"?>
<testsuite xmlns:xsi="http://www.w3.org/2001/XMLSchema-instance" xsi:noNamespaceSchemaLocation="https://maven.apache.org/surefire/maven-surefire-plugin/xsd/surefire-test-report-3.0.xsd" version="3.0" name="TestSuite" time="12.828" tests="1" errors="0" skipped="0" failures="0">
  <properties>
[...]
</properties>
  <testcase name="accountCreation[Firefox](1)" classname="test.GridTest" time="11.965">
    <system-out><![CDATA[parameter values is Firefox
My Store
[[FirefoxDriver: firefox on WINDOWS (504c240d-b3aa-4782-8724-2fb532638189)] -> css selector: #social_block > ul > li>a>span]
18
[18, 40]
18
40
about:blank
http://automationpractice.com/index.php
]]></system-out>
    <system-err><![CDATA[SLF4J: Failed to load class "org.slf4j.impl.StaticLoggerBinder".
SLF4J: Defaulting to no-operation (NOP) logger implementation
SLF4J: See http://www.slf4j.org/codes.html#StaticLoggerBinder for further details.
1620751790498	geckodriver	INFO	Listening on 127.0.0.1:28840
1620751791772	mozrunner::runner	INFO	Running command: "C:\\Program Files\\Mozilla Firefox\\firefox.exe" "--marionette" "-foreground" "-no-remote" "-profile" "C:\\Users\\marie\\AppData\\Local\\Temp\\rust_mozprofileWeioLO"
console.warn: SearchSettings: "get: No settings file exists, new profile?" (new Error("", "(unknown module)"))
1620751796630	Marionette	INFO	Listening on port 58659
1620751797145	Marionette	WARN	TLS certificate errors will be ignored for this session
May 11, 2021 12:49:57 PM org.openqa.selenium.remote.ProtocolHandshake createSession
INFO: Detected dialect: W3C
1620751799782	Marionette	INFO	Stopped listening on port 58659
JavaScript error: resource://gre/modules/AsyncShutdown.jsm, line 573: NotFoundError: No such JSWindowActor 'MarionetteEvents'

###!!! [Child][RunMessage] Error: Channel closing: too late to send/recv, messages will be lost

]]></system-err>
  </testcase>
</testsuite>