<?xml version="1.0" encoding="UTF-8"?>
<testsuite xmlns:xsi="http://www.w3.org/2001/XMLSchema-instance" xsi:noNamespaceSchemaLocation="https://maven.apache.org/surefire/maven-surefire-plugin/xsd/surefire-test-report-3.0.xsd" version="3.0" name="TestSuite" time="8.336" tests="1" errors="0" skipped="0" failures="0">
  <properties>
[...]
</properties>
  <testcase name="accountCreation" classname="test.GridTest" time="7.376">
    <system-out><![CDATA[My Store
[[ChromeDriver: chrome on WINDOWS (1834210799633108b136a7de31d7485e)] -> css selector: #social_block > ul > li>a>span]
CDwindow-748BE4BCF62D15AF987F3AF1FE90CD2C
[CDwindow-748BE4BCF62D15AF987F3AF1FE90CD2C, CDwindow-75E230D7608E2561643096C45A4C7ED5]
CDwindow-748BE4BCF62D15AF987F3AF1FE90CD2C
CDwindow-75E230D7608E2561643096C45A4C7ED5
https://twitter.com/seleniumfrmwrk
http://automationpractice.com/index.php
]]></system-out>
    <system-err><![CDATA[SLF4J: Failed to load class "org.slf4j.impl.StaticLoggerBinder".
SLF4J: Defaulting to no-operation (NOP) logger implementation
SLF4J: See http://www.slf4j.org/codes.html#StaticLoggerBinder for further details.
Starting ChromeDriver 89.0.4389.23 (61b08ee2c50024bab004e48d2b1b083cdbdac579-refs/branch-heads/4389@{#294}) on port 31609
Only local connections are allowed.
Please see https://chromedriver.chromium.org/security-considerations for suggestions on keeping ChromeDriver safe.
ChromeDriver was started successfully.
[1620747022.652][WARNING]: This version of ChromeDriver has not been tested with Chrome version 90.
May 11, 2021 11:30:23 AM org.openqa.selenium.remote.ProtocolHandshake createSession
INFO: Detected dialect: W3C
May 11, 2021 11:30:23 AM org.openqa.selenium.devtools.CdpVersionFinder findNearestMatch
WARNING: Unable to find an exact match for CDP version 90, so returning the closest version found: 86
May 11, 2021 11:30:23 AM org.openqa.selenium.devtools.CdpVersionFinder findNearestMatch
INFO: Found CDP implementation for version 90 of 86
]]></system-err>
  </testcase>
</testsuite>