<?xml version="1.0" encoding="UTF-8"?>
<testng-results ignored="0" total="1" passed="1" failed="0" skipped="0">
  <reporter-output>
  </reporter-output>
  <suite started-at="2021-05-11T11:30:19 EDT" name="Suite" finished-at="2021-05-11T11:30:27 EDT" duration-ms="7401">
    <groups>
    </groups>
    <test started-at="2021-05-11T11:30:19 EDT" name="Test" finished-at="2021-05-11T11:30:27 EDT" duration-ms="7401">
      <class name="test.GridTest">
        <test-method signature="accountCreation()[pri:0, instance:test.GridTest@62230c58]" started-at="2021-05-11T11:30:19 EDT" name="accountCreation" finished-at="2021-05-11T11:30:26 EDT" duration-ms="7348" status="PASS">
          <reporter-output>
          </reporter-output>
        </test-method> <!-- accountCreation -->
      </class> <!-- test.GridTest -->
    </test> <!-- Test -->
  </suite> <!-- Suite -->
</testng-results>
