<?xml version="1.0" encoding="UTF-8"?>
<testng-results ignored="0" total="1" passed="1" failed="0" skipped="0">
  <reporter-output>
  </reporter-output>
  <suite started-at="2021-05-11T10:49:54 EDT" name="Default suite" finished-at="2021-05-11T10:50:03 EDT" duration-ms="9124">
    <groups>
    </groups>
    <test started-at="2021-05-11T10:49:54 EDT" name="Default test" finished-at="2021-05-11T10:50:03 EDT" duration-ms="9124">
      <class name="test.GridTest">
        <test-method signature="accountCreation()[pri:0, instance:test.GridTest@72cde7cc]" started-at="2021-05-11T10:49:54 EDT" name="accountCreation" finished-at="2021-05-11T10:50:03 EDT" duration-ms="9084" status="PASS">
          <reporter-output>
          </reporter-output>
        </test-method> <!-- accountCreation -->
      </class> <!-- test.GridTest -->
    </test> <!-- Default test -->
  </suite> <!-- Default suite -->
</testng-results>
